<?xml version="1.0" encoding="UTF-8"?>
<testng-results ignored="0" total="1" passed="1" failed="0" skipped="0">
  <reporter-output>
  </reporter-output>
  <suite started-at="2021-07-13T18:04:47 IST" name="Yatra" finished-at="2021-07-13T18:05:39 IST" duration-ms="51835">
    <groups>
    </groups>
    <test started-at="2021-07-13T18:04:47 IST" name="YatraFlightReservationPage" finished-at="2021-07-13T18:05:39 IST" duration-ms="51835">
      <class name="test.FlightReservation">
        <test-method is-config="true" signature="setUp()[pri:0, instance:test.FlightReservation@470f1802]" started-at="2021-07-13T18:04:47 IST" name="setUp" finished-at="2021-07-13T18:05:07 IST" duration-ms="19903" status="PASS">
          <reporter-output>
          </reporter-output>
        </test-method> <!-- setUp -->
        <test-method signature="Test1(java.lang.String,java.lang.String,java.lang.String,java.lang.String,java.lang.String,java.lang.String,java.lang.String,java.lang.String)[pri:0, instance:test.FlightReservation@470f1802]" started-at="2021-07-13T18:05:13 IST" name="Test1" data-provider="testdata" finished-at="2021-07-13T18:05:38 IST" duration-ms="24815" status="PASS">
          <params>
            <param index="0">
              <value>
                <![CDATA[Bangalore]]>
              </value>
            </param>
            <param index="1">
              <value>
                <![CDATA[Delhi]]>
              </value>
            </param>
            <param index="2">
              <value>
                <![CDATA[15/09/2021]]>
              </value>
            </param>
            <param index="3">
              <value>
                <![CDATA[3]]>
              </value>
            </param>
            <param index="4">
              <value>
                <![CDATA[1]]>
              </value>
            </param>
            <param index="5">
              <value>
                <![CDATA[1]]>
              </value>
            </param>
            <param index="6">
              <value>
                <![CDATA[Economy]]>
              </value>
            </param>
            <param index="7">
              <value>
                <![CDATA[yes]]>
              </value>
            </param>
          </params>
          <reporter-output>
          </reporter-output>
        </test-method> <!-- Test1 -->
        <test-method is-config="true" signature="tearDown()[pri:0, instance:test.FlightReservation@470f1802]" started-at="2021-07-13T18:05:38 IST" name="tearDown" finished-at="2021-07-13T18:05:39 IST" duration-ms="861" status="PASS">
          <reporter-output>
          </reporter-output>
        </test-method> <!-- tearDown -->
      </class> <!-- test.FlightReservation -->
    </test> <!-- YatraFlightReservationPage -->
  </suite> <!-- Yatra -->
</testng-results>
